 -----------------------------------------------------------------------
  W            W            W              TTTTTTTTTTTTTTTTTTTT         
   W          W W          W                        TT                  
    W        W   W        W                         TT                  
     W      W     W      W                          TT                  
      W    W       W    W                           TT                  
       W  W         W  W                            TT                  
        WW           WW                             TT                  
        W             W                             TT                  
                                                                        
                        Welcome to WannierTools.                       
                             Version 2.6.1     
                   Tools for novel topological materials.               
                          Enjoy it and good luck.                       
                           Author : QuanSheng Wu                        
                        Email : wuquansheng@gmail.com                   
               Find more information on www.wanniertools.com            
 =======================================================================
                                                                        
 You are using    56 CPU cores
  
   
 >>>Read some paramters from wt.in
 You are using : TB     model
 Tight-binding Hamiltonian FROM: Hr File
 Is_Sparse_Hr=  F
 Tight-binding Hamiltonian filename: hr.dat                   
 System of particle: electron                 
 Tight-binding Hamiltonian obtained from : VASP                     
   
 >>>Control parameters: 
 BulkBand_line_calc                :  F
 BulkBand_plane_calc               :  F
 Landaulevel_unfold_line_calc      :  F
 BulkBand_unfold_line_calc         :  T
 BulkBand_unfold_plane_calc        :  F
 QPI_unfold_plane_calc             :  F
 BulkFatBand_calc                  :  F
 BulkBand_cube_calc                :  F
 BulkFS_calc                       :  F
 BulkFS_Plane_calc                 :  F
 BulkFS_plane_stack_calc           :  F
 BulkGap_cube_calc                 :  F
 BulkGap_plane_calc                :  F
 SlabBand_calc                     :  F
 SlabBandWaveFunc_calc             :  F
 SlabSS_calc                       :  F
 SlabArc_calc                      :  F
 SlabSpintexture_calc              :  F
 wanniercenter_calc                :  F
 BerryPhase_calc                   :  F
 BerryCurvature_calc               :  F
 BerryCurvature_EF_calc            :  F
 BerryCurvature_kpath_EF_calc      :  F
 BerryCurvature_kpath_Occupied_calc:  F
 BerryCurvature_Cube_calc          :  F
 BerryCurvature_slab_calc          :  F
 Dos_calc                          :  F
 Z2_3D_calc                        :  F
 WeylChirality_calc                :  F
 NLChirality_calc                  :  F
 Chern_3D_calc                     :  F
 MirrorChern_calc                  :  F
 JDos_calc                         :  F
 FindNodes_calc                    :  F
 EffectiveMass_calc                :  F
 AHC_calc                          :  F
 Boltz_OHE_calc                    :  F
 Boltz_Berry_correction            :  F
 LOTO_correction                   :  F
 OrbitalTexture_calc               :  F
 OrbitalTexture_3D_calc            :  F
 LandauLevel_k_calc                :  F
 LandauLevel_B_calc                :  F
 LandauLevel_wavefunction_calc     :  F
 Fit_kp_calc                       :  F
 DMFT_MAG_calc                     :  F
 Translate_to_WS_calc              :  F
 LandauLevel_kplane_calc           :  F
 LandauLevel_k_dos_calc            :  F
 LandauLevel_B_dos_calc            :  F
 FermiLevel_calc                   :  F
 Symmetry_Import_calc              :  F
 ChargeDensity_selected_bands_calc :  F
 ChargeDensity_selected_energies_calc :  F
   
 >>>System parameters: 
 NumSlabs :    10
 Nslab1 for ribbon  :     1
 Nslab2 for ribbon  :     1
 Number of Occupied bands:     1
 Number of total electrons:    2.000000
 With SOC or not in Hrfile:     0
 Fermi energy (eV) :        3.418000
 surf_onsite (eV):         0.000000
 Add_Zeeman_Field:  F
 Zeeman_energy_in_eV (eV):         0.000000
 Electric_field_in_eVpA (eV/Angstrom):         0.000000
 Symmetrical_Electric_field_in_eVpA (eV/Angstrom):         0.000000
 Inner_symmetrical_Electric_Field:  F
 ijmax :    10
   
 **Notes**: There are two ways to specify magnetic field.
 1. specify Bmagnitude, Btheta, Bphi
 2. specify Bx, By, Bz
 Bmagnitude, Bx, By, Bz are real numbers in unit of Tesla. and Bx, By, Bz 
 are in the cartesian coordinates. Btheta is the angle with z axial 
  and Bphi is the angle with respect to x axial in the x-y plane
  Btheta is in [0, 180], Bphi is in [0, 360).
 If you specify both of them together, we will choose the first one.
 If choose the first one, but not specify Btheta, Bphi, then 
 by default we set Btheta=0, Bphi=0 which means B is along z direction.
  
  Warning: You didn't specify the magnitude of magnetic field.
  
 >>You did not specified the magnitude of magnetic field, 
  and also didn't set Bx, By, Bz. So we will set the magnetic direction
  from the settings of Btheta, Bphi.
  If you even didn't set Btheta, Bphi, we will take the default value, 
  Btheta=0, Bphi=0 which means B is along z direction
 >>You didn't set Btheta, and we set it to 0.
 >>You didn't set Bphi, and we set it to 0.
 Bmagnitude (in Tesla) :        1.000000
 Btheta, Bphi :        0.000000        0.000000
 Bx, By, Bz (in Tesla) :        0.000000        0.000000        1.000000
 B direction cosines :        0.000000        0.000000        1.000000
   
 >>>calculation parameters : 
 E_arc :         -1.30000
 Eta_arc :          0.01000
 Gap_threshold         0.01000
 OmegaMin :         -0.50000
 OmegaMax :          0.50000
 OmegaNum :    100
 OmegaNum_unfold :    500
 Nk1 :    151
 Nk2 :    151
 Nk3 :      1
 NP number of principle layers  :      2
 Tmin(Kelvin)  :        100.00000
 Tmax(Kelvin)  :        100.00000
 NumT  :      1
 NBTau  :      1
 Beta  :        100.00000
 Nslice_BTau_Max  :   5000
 BTauMax(Tesla.ps)         0.00000
 Relaxation_Time_Tau (ps)         1.00000
 Rcut    999999.00000
 Magp               1
 Magp_min               0
 Magp_max               1
 wcc_calc_tol         0.08000
 wcc_neighbour_tol         0.30000
 NumLCZVecs   400
 NumSelectedEigenVals     0
 NumRandomConfs:     1
 Projection weight mode:NORMAL              
 The size of magnetic supercell is Magq= :      10
 Penetration depth of incoming photon for ARPES, in unit angstrom :********
 Photon energy for ARPES, in unit eV :********
 Incoming light is at alpha angular to the normal line of the experiment plane :********
 The ratio between two orthogonal polarization vector components       0
 The relative phase between two orthogonal polarization vector components       0
 If or not we are considering unpolarized light incoming       0
  
 We found LATTICE card
>> lattice information (Angstrom)
           a           b           c       alpha        beta       gamma
    3.688905    3.688905    5.854194   47.625949   47.625949   47.625949
 Three Lattice vectors of the unfolded cell: 
    3.688905    0.000000    0.000000
    0.000000    3.688905    0.000000
    0.000000    0.000000    5.854194
>> Reciprocal lattice information (1/Angstrom)
           a           b           c       alpha        beta       gamma
    1.703266    1.703266    1.073279  170.075351  170.075351  170.075351
 Three reciprocal lattice vectors of the primitive cell: 
    1.703266    0.000000    0.000000
    0.000000    1.703266    0.000000
    0.000000    0.000000    1.073279
  
 We found ATOM_POSITIONS card
Origin_cell%Num_atoms    4
  
 Warning: You didn't specify the atom magnetic moment in the ATOMIC_POSITION car
 d Or the format is wrong. So we set all the Atom-magnetic-moments to zero.
 
>> Atom position and magnetic moment of Original lattice
                                         Catesian                  Fractional(Direct)         Magnetic moment
------------------------------------------------------------------------------------------------------------------
 index  Atom Name            x           y           z           a           b           c      Mx      My      Mz
------------------------------------------------------------------------------------------------------------------
     1  Fe            0.000000    0.000000    0.000000    0.000000    0.000000    0.000000   0.000   0.000   0.000
     2  Fe           12.857716   12.857716    0.000000    1.844452    1.844452    0.000000   0.000   0.000   0.000
     3  Se            0.000000   12.857716   49.532413    0.000000    1.844452    4.477375   0.000   0.000   0.000
     4  Se           12.857716    0.000000   15.231501    1.844452    0.000000    1.376819   0.000   0.000   0.000
  
 We found PROJECTORS card
 >>Number of projectors per atoms:
     5     5     3     3
Fe      dxz     dyz     dz2     dxy     dx2-y2  
Fe      dxz     dyz     dz2     dxy     dx2-y2  
Se      px      py      pz      
Se      px      py      pz      
  
 >> Wannier centers by default, in unit of unit lattice vectors
 iwann        R1        R2        R3         x         y         z
     1  0.000000  0.000000  0.000000  0.000000  0.000000  0.000000
     2  0.000000  0.000000  0.000000  0.000000  0.000000  0.000000
     3  0.000000  0.000000  0.000000  0.000000  0.000000  0.000000
     4  0.000000  0.000000  0.000000  0.000000  0.000000  0.000000
     5  0.000000  0.000000  0.000000  0.000000  0.000000  0.000000
     6  1.844452  1.844452  0.000000 12.857716 12.857716  0.000000
     7  1.844452  1.844452  0.000000 12.857716 12.857716  0.000000
     8  1.844452  1.844452  0.000000 12.857716 12.857716  0.000000
     9  1.844452  1.844452  0.000000 12.857716 12.857716  0.000000
    10  1.844452  1.844452  0.000000 12.857716 12.857716  0.000000
    11  0.000000  1.844452  4.477375  0.000000 12.857716 49.532413
    12  0.000000  1.844452  4.477375  0.000000 12.857716 49.532413
    13  0.000000  1.844452  4.477375  0.000000 12.857716 49.532413
    14  1.844452  0.000000  1.376819 12.857716  0.000000 15.231501
    15  1.844452  0.000000  1.376819 12.857716  0.000000 15.231501
    16  1.844452  0.000000  1.376819 12.857716  0.000000 15.231501
  
 We found LATTICE_UNFOLD card
>> Folded lattice information (Angstrom)
           a           b           c       alpha        beta       gamma
    3.688905    3.688905    5.854194   47.625949   47.625949   47.625949
 Three Lattice vectors of unfolded cell: 
    3.688905    0.000000    0.000000
    0.000000    3.688905    0.000000
    0.000000    0.000000    5.854194
>> Folded Reciprocal lattice information (1/Angstrom)
           a           b           c       alpha        beta       gamma
    1.703266    1.703266    1.073279  170.075351  170.075351  170.075351
 Three reciprocal lattice vectors of unfolded cell: 
    1.703266    0.000000    0.000000
    0.000000    1.703266    0.000000
    0.000000    0.000000    1.073279
 
>> The relation between the original lattice and the unfolded lattice
>> The cell volume ratio is:     1.000000
>> The lattice constant a ratio is:     1.000000
>> The lattice constant b ratio is:     1.000000
>> The lattice constant c ratio is:     1.000000
>> Origin_cell in unit of Folded_cell: R1      1.000000    0.000000    0.000000
>> Origin_cell in unit of Folded_cell: R2      0.000000    1.000000    0.000000
>> Origin_cell in unit of Folded_cell: R3      0.000000    0.000000    1.000000
 
  
 We found ATOM_POSITIONS_UNFOLD card
Folded_cell%Num_atoms    4
  
 Warning: You didn't specify the atom magnetic moment in the ATOMIC_POSITION car
 d Or the format is wrong. So we set all the Atom-magnetic-moments to zero.
 
Fe      0.000000    0.000000    0.000000
Fe      1.844452    1.844452    0.000000
Se      0.000000    1.844452    4.477375
Se      1.844452    0.000000    1.376819
 
>>> Atom position and magnetic moment of Unfolded lattice
                                    Catesian(Ang)                  Fractional(Direct)         Magnetic moment
------------------------------------------------------------------------------------------------------------------
 index  Atom Name            x           y           z           a           b           c      Mx      My      Mz
------------------------------------------------------------------------------------------------------------------
     1  Fe            0.000000    0.000000    0.000000    0.000000    0.000000    0.000000   0.000   0.000   0.000
     2  Fe            6.804010    6.804010    0.000000    1.844452    1.844452    0.000000   0.000   0.000   0.000
     3  Se            0.000000    6.804010   26.211424    0.000000    1.844452    4.477375   0.000   0.000   0.000
     4  Se            6.804010    0.000000    8.060163    1.844452    0.000000    1.376819   0.000   0.000   0.000
  
 We found PROJECTORS_UNFOLD card
 >>Number of projectors per atoms:
     5     5     3     3
Fe      dxy     dyz     dz2     dxz     dx2-y2  
Fe      dxy     dyz     dz2     dxz     dx2-y2  
Se      px      py      pz      
Se      px      py      pz      
  
 We found SURFACE card
 
>> new vectors to define the surface (in unit of lattice vector)
 The 1st vector on surface     :    1.000000    0.000000    0.000000
 The 2nd vector on surface     :    0.000000    1.000000    0.000000
 The 3rd vector out of surface :    0.000000    0.000000    1.000000
  
 The rotated new unit cell in cartesian coordinates : 
    6.971020    0.000000    0.000000
    0.000000    6.971020    0.000000
    0.000000    0.000000   11.062823
New cell's Volume is           79.66399Ang^3
  
 Fractional coordinates of atoms in units of new lattice vectors : 
Fe      0.000000    0.000000    0.000000
Fe      0.844452    0.844452    0.000000
Se      0.000000    0.844452    0.477375
Se      0.844452    0.000000    0.376819
  
 
 >> Top surface atom is      3 Se        
 
 2D Primitive Cell_Volume:    13.6080200990250     
 Ra2, Rb2
    3.6889    0.0000
    0.0000    3.6889
 Ka2, Kb2
    0.4770    0.0000
    0.0000    0.4770
>> lattice information of the magnetic supercell (Angstrom)
    3.688905    0.000000    0.000000
    0.000000    3.688905    0.000000
    0.000000    0.000000   58.541940
>> Reciprocal lattice information of the magnetic supercell (1/Angstrom)
    1.703266    0.000000    0.000000
    0.000000    1.703266    0.000000
    0.000000    0.000000    0.107328
  
3D Primitive Origin_cell%CellVolume:      79.66398962 in Angstrom^3
3D Magnetic supercell Volume:     796.63989616 in Angstrom^3
Projected area of magnetic supercell normal to the first vector specifed in SURFACE card:     771.19164419 in Angstrom^2
  
 We found KPATH_BULK card
Number of K lines :     2
 M'    -0.2000   0.2000   0.0000  G       0.0000   0.0000   0.0000
 G      0.0000   0.0000   0.0000  M       0.2000  -0.2000   0.0000
 >> Kpoints plane for 2D system--> arcs  
K2D_start: -0.5000 -0.5000
The first vector:   1.0000  0.0000
The second vector:   0.0000  1.0000
  
 We found KPLANE_BULK card
 >> Kpoints plane for 3D system--> gapshape  
k3D_start :   0.0000  0.0000  0.0000
The 1st vector:   2.0000  0.0000  0.0000
The 2nd vector:   0.0000  2.0000  0.0000
 >> Kpoints cube for 3D system--> gapshape3D  
k3D_start :  0.0000  0.0000  0.0000
The 1st vector:   1.0000  0.0000  0.0000
The 2nd vector:   0.0000  1.0000  0.0000
The 3rd vector:   0.0000  0.0000  1.0000
kCubeVolume:   3.1137
ReciprocalOrigin_cell%CellVolume:   3.1137
  
  
 >> Using default parameters for Kpoint_3D
>> k points  0.0000 0.0000 0.0000 in unit of reciprocal primitive cell
>> k points  0.0000 0.0000 0.0000 in Cartesian coordinates
  
 >> Using default parameters for effective mass calculation
 >> Effective mass calculation parameters  
>> The     1'th band
>> k step  0.0100 in unit of 1/Angstrom
>> k points  0.0000 0.0000 0.0000 in unit of reciprocal primitive cell
>> k points  0.0000 0.0000 0.0000 in unit of 1/Angstrom
  
 >> We use the default values for k3points_pointmode_direct=[0,0,0]
 >> and Nk3_point_mode = 1
  
 >> We use the default values for k3points_unfold_pointmode_direct=[0,0,0]
 >> and Nk3_unfold_point_mode = 1
  
 >> We use the default values for Single_KPOINT_2D_DIRECT=[0,0]
  
 >> We use the default values for Single_KPOINT_3D_DIRECT=[0,0,0]
 >> Output all atoms weight for surface state spectrum
 > NtopAtoms            4
> TopAtoms 
     1     2     3     4
> NbottomAtoms          4
> BottomAtoms 
     1     2     3     4
 > NtopOrbitals           16
> TopOrbitals 
     1     2     3     4     5     6     7     8     9    10
    11    12    13    14    15    16
> NBottomOrbitals   16
> BottomOrbitals 
     1     2     3     4     5     6     7     8     9    10
    11    12    13    14    15    16
  
 >> We do not calculate chirality for nodal lines
  
 >> We do not calculate chirality for weyl points
  
 We found SELECTED_ATOMS card
  
>> There are    1 groups of SelectedAtoms
Group :   1
>> Number of atoms selected         4
>> Selected atoms are
    1  Fe            2  Fe            3  Se            4  Se        
  
>> There are   1 groups of SelectedOrbitals
 >> SelectedOrbitals
>> Number of orbitals selected (including spin degenarcy)        16
>> Orbitals are
       1       2       3       4       5       6       7       8       9      10      11      12
      13      14      15      16
  
 >> SELECTED_OCCUPIED_BANDS
>> Number of Occupied bands selected          1
>> OccupiedBand indices are
     1
  
  
 >> SELECTEDBANDS
>> Number of bands selected         16
>> Band indices are
     1     2     3     4     5     6     7     8     9    10    11    12
    13    14    15    16
  
 <<<Read wt.in file successfully
 
  File hr.dat exist, We are using HmnR from wannier90
 >> Num_wann          16
 >> NRPTS         125
  >> Begin to read Hmn_R.data
  
 
  Note: This is not a 2D system or E=0, so we can't add electric field.
 
  << Read Hmn_R.data successfully
  
 >> We finished the symmetry reducing of the kpoints in the kcube
  Number of kpoints mesh is      22801
  Number of symmetry reduced kpoints is          0
  
  
 >> Start of unfolding bulk band
BulkBand unfolding at :         0         1 /       302
 n           1 -0.189014689803102     
 n           2 -0.170665818940651     
 n           3 -0.155983291965400     
 n           4 -0.150120905994296     
 n           5 -0.139425082820998     
 n           6 -0.121092251316184     
 n           7 -8.255865484875728E-002
 n           8 -3.471490104876835E-002
 n           9 -2.615834519740672E-002
 n          10 -2.316896866896508E-002
 n          11 -9.202122632952869E-003
 n          12 -7.285321863833153E-003
 n          13  4.191567868271183E-002
 n          14  5.162623529870557E-002
 n          15  5.849510634189618E-002
 n          16  6.364951378693572E-002
BulkBand unfolding at :         0        57 /       302
 n           1 -0.200174227813726     
 n           2 -0.158726657217011     
 n           3 -0.156835681801873     
 n           4 -0.143162302783381     
 n           5 -0.132275016063230     
 n           6 -0.117573435399114     
 n           7 -9.069667245934838E-002
 n           8 -2.007410837406156E-002
 n           9 -1.941206179228387E-002
 n          10 -1.241103105817729E-002
 n          11 -9.876444627920189E-004
 n          12  8.783615869072715E-004
 n          13  3.939059168013883E-002
 n          14  5.503208155011259E-002
 n          15  7.917106100606747E-002
 n          16  7.988536504123087E-002
BulkBand unfolding at :         0       113 /       302
 n           1 -0.207887220424283     
 n           2 -0.161518119392149     
 n           3 -0.149001928614462     
 n           4 -0.146247893036765     
 n           5 -0.117450846419783     
 n           6 -0.115028932847288     
 n           7 -9.605286871463087E-002
 n           8 -1.940253888116041E-002
 n           9 -1.846403803007176E-002
 n          10  5.140317391808768E-003
 n          11  7.290129997894374E-003
 n          12  9.905453579417828E-003
 n          13  3.696162108703616E-002
 n          14  5.092636692036591E-002
 n          15  9.505387918437416E-002
 n          16  9.507714390407711E-002
BulkBand unfolding at :         0       169 /       302
 n           1 -0.209139111929203     
 n           2 -0.162271571921665     
 n           3 -0.147405786991852     
 n           4 -0.146844824188210     
 n           5 -0.115102569171180     
 n           6 -0.114619480089909     
 n           7 -9.699079962202391E-002
 n           8 -1.944341611537869E-002
 n           9 -1.839608012566371E-002
 n          10  6.113280259581497E-003
 n          11  1.144594726842329E-002
 n          12  1.199927388826677E-002
 n          13  3.629203004894086E-002
 n          14  4.934408030628297E-002
 n          15  9.802357490389819E-002
 n          16  9.803296859634501E-002
BulkBand unfolding at :         0       225 /       302
 n           1 -0.203760264466112     
 n           2 -0.159212813907085     
 n           3 -0.154052048314241     
 n           4 -0.144475837571494     
 n           5 -0.125348501460971     
 n           6 -0.116396863846219     
 n           7 -9.311893465026068E-002
 n           8 -1.953767452680248E-002
 n           9 -1.885405982269623E-002
 n          10 -4.142720609587855E-003
 n          11  1.869394251515731E-003
 n          12  4.450902268518435E-003
 n          13  3.846763751264193E-002
 n          14  5.398600607342856E-002
 n          15  8.613724166443691E-002
 n          16  8.633126925183919E-002
BulkBand unfolding at :         0       281 /       302
 n           1 -0.192949060671475     
 n           2 -0.166576591201454     
 n           3 -0.153036273540507     
 n           4 -0.146775205104690     
 n           5 -0.140591595211200     
 n           6 -0.119823932298283     
 n           7 -8.584077659929376E-002
 n           8 -2.664211225066487E-002
 n           9 -2.284160621349457E-002
 n          10 -2.127145906867688E-002
 n          11 -6.180894103616319E-003
 n          12 -4.719557563342991E-003
 n          13  4.095789982055518E-002
 n          14  5.414216811859336E-002
 n          15  6.638190211093609E-002
 n          16  6.921840721685257E-002
 loop done
 <<< Unfold bands successfully
 Time cost for BulkBand_unfold_line_calc is about           17.896 s
 << End of unfolding bulk band
  
 Time cost for whole program is about           18.025 s
  
  
  =======================================================================
  Congratulations! you finished the calculation.
  I hope you could find something useful from this calculation.
  If so, I would like to ask you to cite our this paper:
  
  WannierTools : An open-source software package for novel topological materials
  QuanSheng Wu and ShengNan Zhang and Hai-Feng Song and Matthias Troyer and Alexey A. Soluyanov
  Computer Physics Communications 224, 405 (2018)
  https://doi.org/10.1016/j.cpc.2017.09.033
  
  For bugs, please report to wuquansheng@gmail.com                   
  or wanniertools@groups.google.com.                 
  More information could find on www.wanniertools.com            
  See you next time :)
  =======================================================================
